2017-06-01 21:59:02,743 [localhost-startStop-1] [org.springframework.web.servlet.resource.ResourceUrlProvider]-[DEBUG] Found resource handler mapping: URL pattern="/fonts/**", locations=[ServletContext resource [/WEB-INF/fonts/]], resolvers=[org.springframework.web.servlet.resource.PathResourceResolver@5b789866]
2017-06-01 21:59:02,743 [localhost-startStop-1] [org.springframework.web.servlet.resource.ResourceUrlProvider]-[DEBUG] Found resource handler mapping: URL pattern="/img/**", locations=[ServletContext resource [/WEB-INF/img/]], resolvers=[org.springframework.web.servlet.resource.PathResourceResolver@f769f60]
2017-06-01 21:59:02,743 [localhost-startStop-1] [org.springframework.web.servlet.resource.ResourceUrlProvider]-[DEBUG] Looking for resource handler mappings
2017-06-01 21:59:02,744 [localhost-startStop-1] [org.springframework.beans.factory.support.DefaultListableBeanFactory]-[DEBUG] Returning cached instance of singleton bean 'org.springframework.web.servlet.handler.SimpleUrlHandlerMapping#0'
2017-06-01 21:59:02,744 [localhost-startStop-1] [org.springframework.beans.factory.support.DefaultListableBeanFactory]-[DEBUG] Returning cached instance of singleton bean 'org.springframework.web.servlet.handler.SimpleUrlHandlerMapping#1'
2017-06-01 21:59:02,744 [localhost-startStop-1] [org.springframework.beans.factory.support.DefaultListableBeanFactory]-[DEBUG] Returning cached instance of singleton bean 'org.springframework.web.servlet.handler.SimpleUrlHandlerMapping#2'
2017-06-01 21:59:02,744 [localhost-startStop-1] [org.springframework.beans.factory.support.DefaultListableBeanFactory]-[DEBUG] Returning cached instance of singleton bean 'org.springframework.web.servlet.handler.SimpleUrlHandlerMapping#3'
2017-06-01 21:59:02,744 [localhost-startStop-1] [org.springframework.web.servlet.resource.ResourceUrlProvider]-[DEBUG] Found resource handler mapping: URL pattern="/css/**", locations=[ServletContext resource [/WEB-INF/css/]], resolvers=[org.springframework.web.servlet.resource.PathResourceResolver@61c90581]
2017-06-01 21:59:02,744 [localhost-startStop-1] [org.springframework.web.servlet.resource.ResourceUrlProvider]-[DEBUG] Found resource handler mapping: URL pattern="/js/**", locations=[ServletContext resource [/WEB-INF/js/]], resolvers=[org.springframework.web.servlet.resource.PathResourceResolver@7cb7ffe1]
2017-06-01 21:59:02,744 [localhost-startStop-1] [org.springframework.web.servlet.resource.ResourceUrlProvider]-[DEBUG] Found resource handler mapping: URL pattern="/fonts/**", locations=[ServletContext resource [/WEB-INF/fonts/]], resolvers=[org.springframework.web.servlet.resource.PathResourceResolver@5b789866]
2017-06-01 21:59:02,744 [localhost-startStop-1] [org.springframework.web.servlet.resource.ResourceUrlProvider]-[DEBUG] Found resource handler mapping: URL pattern="/img/**", locations=[ServletContext resource [/WEB-INF/img/]], resolvers=[org.springframework.web.servlet.resource.PathResourceResolver@f769f60]
2017-06-01 21:59:02,744 [localhost-startStop-1] [org.springframework.core.env.PropertySourcesPropertyResolver]-[DEBUG] Searching for key 'spring.liveBeansView.mbeanDomain' in [servletConfigInitParams]
2017-06-01 21:59:02,744 [localhost-startStop-1] [org.springframework.core.env.PropertySourcesPropertyResolver]-[DEBUG] Searching for key 'spring.liveBeansView.mbeanDomain' in [servletContextInitParams]
2017-06-01 21:59:02,744 [localhost-startStop-1] [org.springframework.core.env.PropertySourcesPropertyResolver]-[DEBUG] Searching for key 'spring.liveBeansView.mbeanDomain' in [jndiProperties]
2017-06-01 21:59:02,744 [localhost-startStop-1] [org.springframework.jndi.JndiTemplate]-[DEBUG] Looking up JNDI object with name [java:comp/env/spring.liveBeansView.mbeanDomain]
2017-06-01 21:59:02,744 [localhost-startStop-1] [org.springframework.jndi.JndiLocatorDelegate]-[DEBUG] Converted JNDI name [java:comp/env/spring.liveBeansView.mbeanDomain] not found - trying original name [spring.liveBeansView.mbeanDomain]. javax.naming.NameNotFoundException: Name [spring.liveBeansView.mbeanDomain] is not bound in this Context. Unable to find [spring.liveBeansView.mbeanDomain].
2017-06-01 21:59:02,746 [localhost-startStop-1] [org.springframework.jndi.JndiTemplate]-[DEBUG] Looking up JNDI object with name [spring.liveBeansView.mbeanDomain]
2017-06-01 21:59:02,746 [localhost-startStop-1] [org.springframework.jndi.JndiPropertySource]-[DEBUG] JNDI lookup for name [spring.liveBeansView.mbeanDomain] threw NamingException with message: Name [spring.liveBeansView.mbeanDomain] is not bound in this Context. Unable to find [spring.liveBeansView.mbeanDomain].. Returning null.
2017-06-01 21:59:02,746 [localhost-startStop-1] [org.springframework.core.env.PropertySourcesPropertyResolver]-[DEBUG] Searching for key 'spring.liveBeansView.mbeanDomain' in [systemProperties]
2017-06-01 21:59:02,746 [localhost-startStop-1] [org.springframework.core.env.PropertySourcesPropertyResolver]-[DEBUG] Searching for key 'spring.liveBeansView.mbeanDomain' in [systemEnvironment]
2017-06-01 21:59:02,746 [localhost-startStop-1] [org.springframework.core.env.PropertySourcesPropertyResolver]-[DEBUG] Could not find key 'spring.liveBeansView.mbeanDomain' in any property source. Returning [null]
2017-06-01 21:59:02,746 [localhost-startStop-1] [org.springframework.web.servlet.DispatcherServlet]-[DEBUG] Published WebApplicationContext of servlet 'tj-pwv' as ServletContext attribute with name [org.springframework.web.servlet.FrameworkServlet.CONTEXT.tj-pwv]
2017-06-01 21:59:02,746 [localhost-startStop-1] [org.springframework.web.servlet.DispatcherServlet]-[INFO] FrameworkServlet 'tj-pwv': initialization completed in 2571 ms
2017-06-01 21:59:02,746 [localhost-startStop-1] [org.springframework.web.servlet.DispatcherServlet]-[DEBUG] Servlet 'tj-pwv' configured successfully
